2026-07-12 10:12:06,923 [INFO] === CAPITAL RULES ===
2026-07-12 10:12:06,923 [INFO] Total capital: 1000.00 USDT
2026-07-12 10:12:06,923 [INFO] Per-deal budget: 30.00 USDT (3.0% of capital)
2026-07-12 10:12:06,923 [INFO] Base order: 3.29 USDT, up to 4 safety orders
2026-07-12 10:12:06,923 [INFO] Worst-case loss per deal: 3.60 USDT (0.36% of capital)
2026-07-12 10:12:06,923 [INFO] Max total exposure: 6.0% of capital
2026-07-12 10:12:07,068 [WARNING] Bybit price failed (You have breached the ip rate limit or your ip is from the usa. (ErrCode: 403) (ErrTime: 10:12:07).
Request → GET https://api.bybit.com/v5/market/tickers: category=spot&symbol=BTCUSDT.); trying Coinbase
2026-07-12 10:12:07,116 [WARNING] Bybit price failed (You have breached the ip rate limit or your ip is from the usa. (ErrCode: 403) (ErrTime: 10:12:07).
Request → GET https://api.bybit.com/v5/market/tickers: category=spot&symbol=BTCUSDT.); trying Coinbase
2026-07-12 10:12:07,161 [WARNING] Bybit price failed (You have breached the ip rate limit or your ip is from the usa. (ErrCode: 403) (ErrTime: 10:12:07).
Request → GET https://api.bybit.com/v5/market/tickers: category=spot&symbol=BTCUSDT.); trying Coinbase
2026-07-12 10:12:07,201 [INFO] NOTIFY: 🟢 OPENED BTCUSDT deal: 0.000051 @ 63875.0050 (3.29 USDT)
2026-07-12 10:12:07,646 [WARNING] Bybit price failed (You have breached the ip rate limit or your ip is from the usa. (ErrCode: 403) (ErrTime: 10:12:07).
Request → GET https://api.bybit.com/v5/market/tickers: category=spot&symbol=ETHUSDT.); trying Coinbase
2026-07-12 10:12:07,689 [WARNING] Bybit price failed (You have breached the ip rate limit or your ip is from the usa. (ErrCode: 403) (ErrTime: 10:12:07).
Request → GET https://api.bybit.com/v5/market/tickers: category=spot&symbol=ETHUSDT.); trying Coinbase
2026-07-12 10:12:07,737 [WARNING] Bybit price failed (You have breached the ip rate limit or your ip is from the usa. (ErrCode: 403) (ErrTime: 10:12:07).
Request → GET https://api.bybit.com/v5/market/tickers: category=spot&symbol=ETHUSDT.); trying Coinbase
2026-07-12 10:12:07,776 [INFO] NOTIFY: 🟢 OPENED ETHUSDT deal: 0.001826 @ 1799.6400 (3.29 USDT)
2026-07-12 10:12:08,127 [INFO] Single tick complete (GitHub Actions mode). State saved.
